<?xml version="1.0" encoding="UTF-8"?>
<testsuite xmlns:xsi="http://www.w3.org/2001/XMLSchema-instance" xsi:noNamespaceSchemaLocation="https://maven.apache.org/surefire/maven-surefire-plugin/xsd/surefire-test-report-3.0.xsd" version="3.0" name="com.example.ead.be.ApplicationTests" time="4.924" tests="1" errors="0" skipped="0" failures="0">
  <properties>
[...]
</properties>
  <testcase name="contextLoads" classname="com.example.ead.be.ApplicationTests" time="1.059">
    <system-out><![CDATA[20:50:21.952 [main] INFO org.springframework.test.context.support.AnnotationConfigContextLoaderUtils -- Could not detect default configuration classes for test class [com.example.ead.be.ApplicationTests]: ApplicationTests does not declare any static, non-private, non-final, nested classes annotated with @Configuration.
20:50:22.141 [main] INFO org.springframework.boot.test.context.SpringBootTestContextBootstrapper -- Found @SpringBootConfiguration com.example.ead.be.Application for test class com.example.ead.be.ApplicationTests

  .   ____          _            __ _ _
 /\\ / ___'_ __ _ _(_)_ __  __ _ \ \ \ \
( ( )\___ | '_ | '_| | '_ \/ _` | \ \ \ \
 \\/  ___)| |_)| | | | | || (_| |  ) ) ) )
  '  |____| .__|_| |_|_| |_\__, | / / / /
 =========|_|==============|___/=/_/_/_/
 :: Spring Boot ::                (v3.2.2)

2026-04-20T20:50:22.724+01:00  INFO 16080 --- [           main] com.example.ead.be.ApplicationTests      : Starting ApplicationTests using Java 17.0.10 with PID 16080 (started by adithyan in C:\Users\adith\Documents\personal\ireland\TUD\masters-course\semester-2\Enterprise-architecture-deployment(Omar)\CA2\recipe-service)
2026-04-20T20:50:22.725+01:00  INFO 16080 --- [           main] com.example.ead.be.ApplicationTests      : No active profile set, falling back to 1 default profile: "default"
2026-04-20T20:50:22.772+01:00 DEBUG 16080 --- [           main] o.s.w.c.s.GenericWebApplicationContext   : Refreshing org.springframework.web.context.support.GenericWebApplicationContext@62da83ed
******************************************************
******************************************************
******************************************************
env mongoUri:mongodb+srv://ead2024:ead2024.@ead-2023-24.lpclwdo.mongodb.net/?retryWrites=true&w=majority
env dbName:ead_ca2
env dbName:ead_2024
******************************************************
******************************************************
******************************************************
2026-04-20T20:50:24.306+01:00  INFO 16080 --- [wdo.mongodb.net] org.mongodb.driver.cluster               : Adding discovered server ac-fr8jdij-shard-00-00.lpclwdo.mongodb.net:27017 to client view of cluster
2026-04-20T20:50:24.313+01:00  INFO 16080 --- [           main] org.mongodb.driver.client                : MongoClient with metadata {"driver": {"name": "mongo-java-driver|sync", "version": "4.11.1"}, "os": {"type": "Windows", "name": "Windows 11", "architecture": "amd64", "version": "10.0"}, "platform": "Java/Oracle Corporation/17.0.10+11-LTS-240"} created with settings MongoClientSettings{readPreference=primary, writeConcern=WriteConcern{w=majority, wTimeout=null ms, journal=null}, retryWrites=true, retryReads=true, readConcern=ReadConcern{level=null}, credential=MongoCredential{mechanism=null, userName='ead2024', source='admin', password=<hidden>, mechanismProperties=<hidden>}, transportSettings=null, streamFactoryFactory=null, commandListeners=[], codecRegistry=ProvidersCodecRegistry{codecProviders=[ProvidersCodecRegistry{codecProviders=[ValueCodecProvider{}, BsonValueCodecProvider{}, DBRefCodecProvider{}, DBObjectCodecProvider{}, DocumentCodecProvider{}, CollectionCodecProvider{}, IterableCodecProvider{}, MapCodecProvider{}, GeoJsonCodecProvider{}, GridFSFileCodecProvider{}, Jsr310CodecProvider{}, JsonObjectCodecProvider{}, BsonCodecProvider{}, EnumCodecProvider{}, com.mongodb.client.model.mql.ExpressionCodecProvider@726934e2, com.mongodb.Jep395RecordCodecProvider@1319bc2a, com.mongodb.KotlinCodecProvider@e280403]}, ProvidersCodecRegistry{codecProviders=[org.bson.codecs.pojo.PojoCodecProvider@42f85fa4]}]}, loggerSettings=LoggerSettings{maxDocumentLength=1000}, clusterSettings={hosts=[127.0.0.1:27017], srvHost=ead-2023-24.lpclwdo.mongodb.net, srvServiceName=mongodb, mode=MULTIPLE, requiredClusterType=REPLICA_SET, requiredReplicaSetName='atlas-zhnf0u-shard-0', serverSelector='null', clusterListeners='[]', serverSelectionTimeout='30000 ms', localThreshold='15 ms'}, socketSettings=SocketSettings{connectTimeoutMS=10000, readTimeoutMS=0, receiveBufferSize=0, proxySettings=ProxySettings{host=null, port=null, username=null, password=null}}, heartbeatSocketSettings=SocketSettings{connectTimeoutMS=10000, readTimeoutMS=10000, receiveBufferSize=0, proxySettings=ProxySettings{host=null, port=null, username=null, password=null}}, connectionPoolSettings=ConnectionPoolSettings{maxSize=100, minSize=0, maxWaitTimeMS=120000, maxConnectionLifeTimeMS=0, maxConnectionIdleTimeMS=0, maintenanceInitialDelayMS=0, maintenanceFrequencyMS=60000, connectionPoolListeners=[], maxConnecting=2}, serverSettings=ServerSettings{heartbeatFrequencyMS=10000, minHeartbeatFrequencyMS=500, serverListeners='[]', serverMonitorListeners='[]'}, sslSettings=SslSettings{enabled=true, invalidHostNameAllowed=false, context=null}, applicationName='null', compressorList=[], uuidRepresentation=UNSPECIFIED, serverApi=null, autoEncryptionSettings=null, dnsClient=null, inetAddressResolver=null, contextProvider=null}
2026-04-20T20:50:24.354+01:00  INFO 16080 --- [wdo.mongodb.net] org.mongodb.driver.cluster               : Adding discovered server ac-fr8jdij-shard-00-01.lpclwdo.mongodb.net:27017 to client view of cluster
2026-04-20T20:50:24.356+01:00  INFO 16080 --- [wdo.mongodb.net] org.mongodb.driver.cluster               : Adding discovered server ac-fr8jdij-shard-00-02.lpclwdo.mongodb.net:27017 to client view of cluster
2026-04-20T20:50:24.759+01:00 DEBUG 16080 --- [           main] s.w.s.m.m.a.RequestMappingHandlerMapping : 6 mappings in 'requestMappingHandlerMapping'
2026-04-20T20:50:24.891+01:00  INFO 16080 --- [ngodb.net:27017] org.mongodb.driver.cluster               : Monitor thread successfully connected to server with description ServerDescription{address=ac-fr8jdij-shard-00-01.lpclwdo.mongodb.net:27017, type=REPLICA_SET_PRIMARY, state=CONNECTED, ok=true, minWireVersion=0, maxWireVersion=25, maxDocumentSize=16777216, logicalSessionTimeoutMinutes=30, roundTripTimeNanos=261509300, setName='atlas-zhnf0u-shard-0', canonicalAddress=ac-fr8jdij-shard-00-01.lpclwdo.mongodb.net:27017, hosts=[ac-fr8jdij-shard-00-02.lpclwdo.mongodb.net:27017, ac-fr8jdij-shard-00-00.lpclwdo.mongodb.net:27017, ac-fr8jdij-shard-00-01.lpclwdo.mongodb.net:27017], passives=[], arbiters=[], primary='ac-fr8jdij-shard-00-01.lpclwdo.mongodb.net:27017', tagSet=TagSet{[Tag{name='cacheState', value='READY'}, Tag{name='diskState', value='READY'}, Tag{name='nodeType', value='ELECTABLE'}, Tag{name='provider', value='AZURE'}, Tag{name='region', value='EUROPE_NORTH'}, Tag{name='workloadType', value='OPERATIONAL'}]}, electionId=7fffffff00000000000001fe, setVersion=168, topologyVersion=TopologyVersion{processId=69d3591a7d1bdbb4d4e6686a, counter=7}, lastWriteDate=Mon Apr 20 20:50:25 IST 2026, lastUpdateTimeNanos=684478222932900}
2026-04-20T20:50:24.891+01:00  INFO 16080 --- [ngodb.net:27017] org.mongodb.driver.cluster               : Monitor thread successfully connected to server with description ServerDescription{address=ac-fr8jdij-shard-00-02.lpclwdo.mongodb.net:27017, type=REPLICA_SET_SECONDARY, state=CONNECTED, ok=true, minWireVersion=0, maxWireVersion=25, maxDocumentSize=16777216, logicalSessionTimeoutMinutes=30, roundTripTimeNanos=275666600, setName='atlas-zhnf0u-shard-0', canonicalAddress=ac-fr8jdij-shard-00-02.lpclwdo.mongodb.net:27017, hosts=[ac-fr8jdij-shard-00-02.lpclwdo.mongodb.net:27017, ac-fr8jdij-shard-00-00.lpclwdo.mongodb.net:27017, ac-fr8jdij-shard-00-01.lpclwdo.mongodb.net:27017], passives=[], arbiters=[], primary='ac-fr8jdij-shard-00-01.lpclwdo.mongodb.net:27017', tagSet=TagSet{[Tag{name='cacheState', value='READY'}, Tag{name='diskState', value='READY'}, Tag{name='nodeType', value='ELECTABLE'}, Tag{name='provider', value='AZURE'}, Tag{name='region', value='EUROPE_NORTH'}, Tag{name='workloadType', value='OPERATIONAL'}]}, electionId=null, setVersion=168, topologyVersion=TopologyVersion{processId=69d36048560a1f228f41894f, counter=4}, lastWriteDate=Mon Apr 20 20:50:25 IST 2026, lastUpdateTimeNanos=684478222927400}
2026-04-20T20:50:24.891+01:00  INFO 16080 --- [ngodb.net:27017] org.mongodb.driver.cluster               : Monitor thread successfully connected to server with description ServerDescription{address=ac-fr8jdij-shard-00-00.lpclwdo.mongodb.net:27017, type=REPLICA_SET_SECONDARY, state=CONNECTED, ok=true, minWireVersion=0, maxWireVersion=25, maxDocumentSize=16777216, logicalSessionTimeoutMinutes=30, roundTripTimeNanos=267030100, setName='atlas-zhnf0u-shard-0', canonicalAddress=ac-fr8jdij-shard-00-00.lpclwdo.mongodb.net:27017, hosts=[ac-fr8jdij-shard-00-02.lpclwdo.mongodb.net:27017, ac-fr8jdij-shard-00-00.lpclwdo.mongodb.net:27017, ac-fr8jdij-shard-00-01.lpclwdo.mongodb.net:27017], passives=[], arbiters=[], primary='ac-fr8jdij-shard-00-01.lpclwdo.mongodb.net:27017', tagSet=TagSet{[Tag{name='cacheState', value='READY'}, Tag{name='diskState', value='READY'}, Tag{name='nodeType', value='ELECTABLE'}, Tag{name='provider', value='AZURE'}, Tag{name='region', value='EUROPE_NORTH'}, Tag{name='workloadType', value='OPERATIONAL'}]}, electionId=null, setVersion=168, topologyVersion=TopologyVersion{processId=69d35ca6ce7758ceaab1c07b, counter=5}, lastWriteDate=Mon Apr 20 20:50:25 IST 2026, lastUpdateTimeNanos=684478222796200}
2026-04-20T20:50:24.895+01:00 DEBUG 16080 --- [           main] o.s.w.s.handler.SimpleUrlHandlerMapping  : Patterns [/webjars/**, /**] in 'resourceHandlerMapping'
2026-04-20T20:50:24.899+01:00  INFO 16080 --- [ngodb.net:27017] org.mongodb.driver.cluster               : Discovered replica set primary ac-fr8jdij-shard-00-01.lpclwdo.mongodb.net:27017 with max election id 7fffffff00000000000001fe and max set version 168
2026-04-20T20:50:24.946+01:00 DEBUG 16080 --- [           main] s.w.s.m.m.a.RequestMappingHandlerAdapter : ControllerAdvice beans: 0 @ModelAttribute, 0 @InitBinder, 1 RequestBodyAdvice, 1 ResponseBodyAdvice
2026-04-20T20:50:25.016+01:00 DEBUG 16080 --- [           main] .m.m.a.ExceptionHandlerExceptionResolver : ControllerAdvice beans: 0 @ExceptionHandler, 1 ResponseBodyAdvice
2026-04-20T20:50:25.368+01:00  INFO 16080 --- [           main] org.mongodb.driver.client                : MongoClient with metadata {"driver": {"name": "mongo-java-driver|sync|spring-boot", "version": "4.11.1"}, "os": {"type": "Windows", "name": "Windows 11", "architecture": "amd64", "version": "10.0"}, "platform": "Java/Oracle Corporation/17.0.10+11-LTS-240"} created with settings MongoClientSettings{readPreference=primary, writeConcern=WriteConcern{w=null, wTimeout=null ms, journal=null}, retryWrites=true, retryReads=true, readConcern=ReadConcern{level=null}, credential=null, transportSettings=null, streamFactoryFactory=null, commandListeners=[io.micrometer.core.instrument.binder.mongodb.MongoMetricsCommandListener@22791b75], codecRegistry=ProvidersCodecRegistry{codecProviders=[ValueCodecProvider{}, BsonValueCodecProvider{}, DBRefCodecProvider{}, DBObjectCodecProvider{}, DocumentCodecProvider{}, CollectionCodecProvider{}, IterableCodecProvider{}, MapCodecProvider{}, GeoJsonCodecProvider{}, GridFSFileCodecProvider{}, Jsr310CodecProvider{}, JsonObjectCodecProvider{}, BsonCodecProvider{}, EnumCodecProvider{}, com.mongodb.client.model.mql.ExpressionCodecProvider@726934e2, com.mongodb.Jep395RecordCodecProvider@1319bc2a, com.mongodb.KotlinCodecProvider@e280403]}, loggerSettings=LoggerSettings{maxDocumentLength=1000}, clusterSettings={hosts=[localhost:27017], srvServiceName=mongodb, mode=SINGLE, requiredClusterType=UNKNOWN, requiredReplicaSetName='null', serverSelector='null', clusterListeners='[]', serverSelectionTimeout='30000 ms', localThreshold='15 ms'}, socketSettings=SocketSettings{connectTimeoutMS=10000, readTimeoutMS=0, receiveBufferSize=0, proxySettings=ProxySettings{host=null, port=null, username=null, password=null}}, heartbeatSocketSettings=SocketSettings{connectTimeoutMS=10000, readTimeoutMS=10000, receiveBufferSize=0, proxySettings=ProxySettings{host=null, port=null, username=null, password=null}}, connectionPoolSettings=ConnectionPoolSettings{maxSize=100, minSize=0, maxWaitTimeMS=120000, maxConnectionLifeTimeMS=0, maxConnectionIdleTimeMS=0, maintenanceInitialDelayMS=0, maintenanceFrequencyMS=60000, connectionPoolListeners=[io.micrometer.core.instrument.binder.mongodb.MongoMetricsConnectionPoolListener@64f4f12], maxConnecting=2}, serverSettings=ServerSettings{heartbeatFrequencyMS=10000, minHeartbeatFrequencyMS=500, serverListeners='[]', serverMonitorListeners='[]'}, sslSettings=SslSettings{enabled=false, invalidHostNameAllowed=false, context=null}, applicationName='null', compressorList=[], uuidRepresentation=JAVA_LEGACY, serverApi=null, autoEncryptionSettings=null, dnsClient=null, inetAddressResolver=null, contextProvider=null}
2026-04-20T20:50:25.375+01:00  INFO 16080 --- [localhost:27017] org.mongodb.driver.cluster               : Exception in monitor thread while connecting to server localhost:27017

com.mongodb.MongoSocketOpenException: Exception opening socket
	at com.mongodb.internal.connection.SocketStream.lambda$open$0(SocketStream.java:84) ~[mongodb-driver-core-4.11.1.jar:na]
	at java.base/java.util.Optional.orElseThrow(Optional.java:403) ~[na:na]
	at com.mongodb.internal.connection.SocketStream.open(SocketStream.java:84) ~[mongodb-driver-core-4.11.1.jar:na]
	at com.mongodb.internal.connection.InternalStreamConnection.open(InternalStreamConnection.java:211) ~[mongodb-driver-core-4.11.1.jar:na]
	at com.mongodb.internal.connection.DefaultServerMonitor$ServerMonitorRunnable.lookupServerDescription(DefaultServerMonitor.java:196) ~[mongodb-driver-core-4.11.1.jar:na]
	at com.mongodb.internal.connection.DefaultServerMonitor$ServerMonitorRunnable.run(DefaultServerMonitor.java:156) ~[mongodb-driver-core-4.11.1.jar:na]
	at java.base/java.lang.Thread.run(Thread.java:842) ~[na:na]
Caused by: java.net.ConnectException: Connection refused: no further information
	at java.base/sun.nio.ch.Net.pollConnect(Native Method) ~[na:na]
	at java.base/sun.nio.ch.Net.pollConnectNow(Net.java:672) ~[na:na]
	at java.base/sun.nio.ch.NioSocketImpl.timedFinishConnect(NioSocketImpl.java:547) ~[na:na]
	at java.base/sun.nio.ch.NioSocketImpl.connect(NioSocketImpl.java:602) ~[na:na]
	at java.base/java.net.SocksSocketImpl.connect(SocksSocketImpl.java:327) ~[na:na]
	at java.base/java.net.Socket.connect(Socket.java:633) ~[na:na]
	at com.mongodb.internal.connection.SocketStreamHelper.initialize(SocketStreamHelper.java:76) ~[mongodb-driver-core-4.11.1.jar:na]
	at com.mongodb.internal.connection.SocketStream.initializeSocket(SocketStream.java:104) ~[mongodb-driver-core-4.11.1.jar:na]
	at com.mongodb.internal.connection.SocketStream.open(SocketStream.java:78) ~[mongodb-driver-core-4.11.1.jar:na]
	... 4 common frames omitted

2026-04-20T20:50:25.389+01:00  INFO 16080 --- [           main] o.s.b.a.e.web.EndpointLinksResolver      : Exposing 1 endpoint(s) beneath base path '/actuator'
2026-04-20T20:50:25.462+01:00  INFO 16080 --- [           main] com.example.ead.be.ApplicationTests      : Started ApplicationTests in 3.072 seconds (process running for 4.416)
]]></system-out>
  </testcase>
</testsuite>